smartphone.html:136 Live reload enabled.
DevTools failed to load SourceMap: Could not load content for chrome-extension://fheoggkfdfchfphceeifdbepaooicaho/sourceMap/chrome/iframe_handler.map: HTTP error: status code 404, net::ERR_UNKNOWN_URL_SCHEME
DevTools failed to load SourceMap: Could not load content for chrome-extension://fheoggkfdfchfphceeifdbepaooicaho/sourceMap/chrome/content.map: HTTP error: status code 404, net::ERR_UNKNOWN_URL_SCHEME
scripts.js:255 getEdad:function (fechaNacimiento) {
        const anioNac= toDate(fechaNacimiento) ;
        const ageDifMs = Date.now() - anioNac;
        const ageDate = new Date(ageDifMs); 
        return Math.abs(ageDate.getUTCFullYear() - 1970);
    }
scripts.js:255 getEsMayorDeEdad:(fechaNacimiento)=>{
        let edad =  this.getEdad(fechaNacimiento);
        if(edad >=18 )return true;
        else return false;
    }
scripts.js:255 getPuntajeEdad:function(fechaNacimiento){   
        let edad =  this.getEdad(fechaNacimiento);
        if(edad >=18 && edad <=50){return 2}
        else if(edad>50 && edad <=65){return 1}
        else if(edad<18){return 0; /*no deberia otorgarse el credito por eso se asigna puntaje cero */}
        else{return 0}
    }
scripts.js:255 getPuntajeAntiguedad:function(antiguedad){    
        if(antiguedad >=2 && antiguedad <=5){return 2}
        else if(antiguedad>5) {return 3}
        else if(antiguedad==1){return 1}
        else{return 0}
    }
scripts.js:255 getPuntajeSituacionTributaria:function(situacionTributaria){
        situacionTributaria=situacionTributaria.toLowerCase();
        if(situacionTributaria=="autonomo"){ return 3 }
        else if(situacionTributaria=="empleado"){return 3 }
        else if(situacionTributaria=="monotributista"){return 2}
        else if(situacionTributaria=="freelance"){return 1}
        else { return 0}
    }
scripts.js:255 getPuntajeIngresosMensuales:function(ingresosMensuales){
        if(ingresosMensuales>=50000 && ingresosMensuales<100000){ return 1 }
        else if(ingresosMensuales>=100000 && ingresosMensuales<150000){return 2 }
        else if(ingresosMensuales>=150000 && ingresosMensuales<200000){return 3}
        else if(ingresosMensuales>200000){return 4}
        else { return 0}
    }
scripts.js:255 getPuntajeEstadoCivil:function (estadoCivil){ 
        estadoCivil=estadoCivil.toLowerCase();
        if(estadoCivil=="soltero"){  return 3 }
        else if(estadoCivil=="casado"){ return 2  }
        else{return 0}
    }
scripts.js:255 getPuntajeIngresosPareja:function(ingresosMensualesPareja){
        if(ingresosMensualesPareja>=50000 && ingresosMensualesPareja<100000){ return 1 }
        else if(ingresosMensualesPareja>=100000 && ingresosMensualesPareja<150000){return 2 }
        else if(ingresosMensualesPareja>=150000 && ingresosMensualesPareja<200000){return 3}
        else if(ingresosMensualesPareja>200000){return 4}
        else { return 0}
    
    }
scripts.js:255 getPuntajeTarjetaCredito:function(tarjetaCredito){
        tarjetaCredito=tarjetaCredito.toLowerCase();
        if(tarjetaCredito=="visa" || tarjetaCredito=="mastercard"){ return 2 }
        else if(tarjetaCredito=="cabal" || tarjetaCredito=="naranja"){return 1 }
        else if(tarjetaCredito=="ninguna"){return 0 }
        else {return 0}
    }
scripts.js:255 getPuntajeTotal:function(){
        this.esMayorDeEdad = this.getEsMayorDeEdad(this.fechaNacimiento);
        if(this.esMayorDeEdad==true)
            this.puntajeTotal=(this.getPuntajeEdad(this.fechaNacimiento) + 
                                this.getPuntajeAntiguedad(this.antiguedad) + 
                                this.getPuntajeSituacionTributaria(this.situacionTributaria) +
                                this.getPuntajeIngresosMensuales(this.ingresosMensuales) +
                                this.getPuntajeIngresosPareja (this.ingresosMensualesPareja) +
                                this.getPuntajeEstadoCivil(this.estadoCivil) +
                                this.getPuntajeTarjetaCredito(this.tarjetaCredito))
        else{this.puntajeTotal=0}
    }
scripts.js:255 nombre:Mariano
scripts.js:255 apellido:Padularrosa
scripts.js:255 direccion:Garcia de Cossio 5871
scripts.js:255 email:[object HTMLInputElement]
scripts.js:255 telefono:NaN
scripts.js:255 dni:33023993
scripts.js:255 edad:34
scripts.js:255 esMayorDeEdad:true
scripts.js:255 fechaNacimiento:21-05-1987
scripts.js:255 situacionTributaria:empleado
scripts.js:255 antiguedad:5
scripts.js:255 estadoCivil:casado
scripts.js:255 ingresosMensuales:123123
scripts.js:255 ingresosMensualesPareja:
scripts.js:255 tarjetaCredito:visa
scripts.js:255 puntajeTotal:13
scripts.js:262 getAnalisisPuntaje:function (puntaje){
        if(puntaje<=5 && puntaje>0){this.setInteresCuotasTopeByPuntaje(40,[3,6],50000)}
        if(puntaje<=9 && puntaje>5){this.setInteresCuotasTopeByPuntaje(35,[3,6,9],80000)}
        if(puntaje<=12 && puntaje>9){this.setInteresCuotasTopeByPuntaje(33,[3,6,9,12],100000)}
        if(puntaje<=15 && puntaje>12){this.setInteresCuotasTopeByPuntaje(30,[3,6,9,12],150000)}
    }
scripts.js:262 cuotas:3,6,9,12
scripts.js:262 cuotasElegidas:0
scripts.js:262 montoProducto:70000
scripts.js:262 montoCuota:30333.33,15166.67,10111.11,7583.33
scripts.js:262 montoConInteres:91000
scripts.js:262 topeMaximo:150000
scripts.js:262 preAprobado:true
scripts.js:262 interes:30
